2014/09/03 09:59:46 [error] [exception.CHttpException.404] exception 'CHttpException' with message 'Невозможно обработать запрос "user".' in Z:\home\monitoring2\www\framework\web\CWebApplication.php:286
Stack trace:
#0 Z:\home\monitoring2\www\framework\web\CWebApplication.php(141): CWebApplication->runController('user')
#1 Z:\home\monitoring2\www\framework\base\CApplication.php(180): CWebApplication->processRequest()
#2 Z:\home\monitoring2\www\monitoring\index.php(13): CApplication->run()
#3 {main}
REQUEST_URI=/monitoring/index.php?r=user
---
2014/09/03 10:03:05 [error] [php] include(User.php) [<a href='function.include'>function.include</a>]: failed to open stream: No such file or directory (Z:\home\monitoring2\www\framework\YiiBase.php:427)
Stack trace:
#0 Z:\home\monitoring2\www\monitoring\protected\components\UserIdentity.php(15): spl_autoload_call()
#1 Z:\home\monitoring2\www\monitoring\protected\models\LoginForm.php(52): UserIdentity->authenticate()
#2 Z:\home\monitoring2\www\framework\validators\CInlineValidator.php(42): LoginForm->authenticate()
#3 Z:\home\monitoring2\www\framework\validators\CValidator.php(213): CInlineValidator->validateAttribute()
#4 Z:\home\monitoring2\www\framework\base\CModel.php(159): CInlineValidator->validate()
#5 Z:\home\monitoring2\www\monitoring\protected\controllers\SiteController.php(94): LoginForm->validate()
#6 Z:\home\monitoring2\www\framework\web\actions\CInlineAction.php(49): SiteController->actionLogin()
#7 Z:\home\monitoring2\www\framework\web\CController.php(308): CInlineAction->runWithParams()
#8 Z:\home\monitoring2\www\framework\web\CController.php(286): SiteController->runAction()
#9 Z:\home\monitoring2\www\framework\web\CController.php(265): SiteController->runActionWithFilters()
#10 Z:\home\monitoring2\www\framework\web\CWebApplication.php(282): SiteController->run()
#11 Z:\home\monitoring2\www\framework\web\CWebApplication.php(141): CWebApplication->runController()
#12 Z:\home\monitoring2\www\framework\base\CApplication.php(180): CWebApplication->processRequest()
#13 Z:\home\monitoring2\www\monitoring\index.php(13): CWebApplication->run()
REQUEST_URI=/monitoring/index.php?r=site/login
in Z:\home\monitoring2\www\monitoring\protected\components\UserIdentity.php (15)
in Z:\home\monitoring2\www\monitoring\protected\models\LoginForm.php (52)
in Z:\home\monitoring2\www\monitoring\protected\controllers\SiteController.php (94)
2014/09/03 10:12:38 [error] [exception.CException] exception 'CException' with message 'В классе User и его поведениях не найден метод или замыкание с именем "validatePassword".' in Z:\home\monitoring2\www\framework\base\CComponent.php:266
Stack trace:
#0 Z:\home\monitoring2\www\framework\db\ar\CActiveRecord.php(227): CComponent->__call('validatePasswor...', Array)
#1 Z:\home\monitoring2\www\monitoring\protected\components\UserIdentity.php(18): CActiveRecord->__call('validatePasswor...', Array)
#2 Z:\home\monitoring2\www\monitoring\protected\components\UserIdentity.php(18): User->validatePassword('admin')
#3 Z:\home\monitoring2\www\monitoring\protected\models\LoginForm.php(52): UserIdentity->authenticate()
#4 Z:\home\monitoring2\www\framework\validators\CInlineValidator.php(42): LoginForm->authenticate('password', Array)
#5 Z:\home\monitoring2\www\framework\validators\CValidator.php(213): CInlineValidator->validateAttribute(Object(LoginForm), 'password')
#6 Z:\home\monitoring2\www\framework\base\CModel.php(159): CValidator->validate(Object(LoginForm), NULL)
#7 Z:\home\monitoring2\www\monitoring\protected\controllers\SiteController.php(94): CModel->validate()
#8 Z:\home\monitoring2\www\framework\web\actions\CInlineAction.php(49): SiteController->actionLogin()
#9 Z:\home\monitoring2\www\framework\web\CController.php(308): CInlineAction->runWithParams(Array)
#10 Z:\home\monitoring2\www\framework\web\CController.php(286): CController->runAction(Object(CInlineAction))
#11 Z:\home\monitoring2\www\framework\web\CController.php(265): CController->runActionWithFilters(Object(CInlineAction), Array)
#12 Z:\home\monitoring2\www\framework\web\CWebApplication.php(282): CController->run('login')
#13 Z:\home\monitoring2\www\framework\web\CWebApplication.php(141): CWebApplication->runController('site/login')
#14 Z:\home\monitoring2\www\framework\base\CApplication.php(180): CWebApplication->processRequest()
#15 Z:\home\monitoring2\www\monitoring\index.php(13): CApplication->run()
#16 {main}
REQUEST_URI=/monitoring/index.php?r=site/login
HTTP_REFERER=http://monitoring2/monitoring/index.php?r=site/login
---
2014/09/03 10:14:01 [error] [exception.CException] exception 'CException' with message 'В классе User и его поведениях не найден метод или замыкание с именем "validatePassword".' in Z:\home\monitoring2\www\framework\base\CComponent.php:266
Stack trace:
#0 Z:\home\monitoring2\www\framework\db\ar\CActiveRecord.php(227): CComponent->__call('validatePasswor...', Array)
#1 Z:\home\monitoring2\www\monitoring\protected\components\UserIdentity.php(18): CActiveRecord->__call('validatePasswor...', Array)
#2 Z:\home\monitoring2\www\monitoring\protected\components\UserIdentity.php(18): User->validatePassword('admin')
#3 Z:\home\monitoring2\www\monitoring\protected\models\LoginForm.php(52): UserIdentity->authenticate()
#4 Z:\home\monitoring2\www\framework\validators\CInlineValidator.php(42): LoginForm->authenticate('password', Array)
#5 Z:\home\monitoring2\www\framework\validators\CValidator.php(213): CInlineValidator->validateAttribute(Object(LoginForm), 'password')
#6 Z:\home\monitoring2\www\framework\base\CModel.php(159): CValidator->validate(Object(LoginForm), NULL)
#7 Z:\home\monitoring2\www\monitoring\protected\controllers\SiteController.php(94): CModel->validate()
#8 Z:\home\monitoring2\www\framework\web\actions\CInlineAction.php(49): SiteController->actionLogin()
#9 Z:\home\monitoring2\www\framework\web\CController.php(308): CInlineAction->runWithParams(Array)
#10 Z:\home\monitoring2\www\framework\web\CController.php(286): CController->runAction(Object(CInlineAction))
#11 Z:\home\monitoring2\www\framework\web\CController.php(265): CController->runActionWithFilters(Object(CInlineAction), Array)
#12 Z:\home\monitoring2\www\framework\web\CWebApplication.php(282): CController->run('login')
#13 Z:\home\monitoring2\www\framework\web\CWebApplication.php(141): CWebApplication->runController('site/login')
#14 Z:\home\monitoring2\www\framework\base\CApplication.php(180): CWebApplication->processRequest()
#15 Z:\home\monitoring2\www\monitoring\index.php(13): CApplication->run()
#16 {main}
REQUEST_URI=/monitoring/index.php?r=site/login
HTTP_REFERER=http://monitoring2/monitoring/index.php?r=site/login
---
